0 info it worked if it ends with ok
1 verbose cli [ '/usr/bin/nodejs', '/usr/bin/npm', 'install' ]
2 info using npm@1.3.10
3 info using node@v0.10.25
4 verbose readDependencies using package.json deps
5 verbose install where, deps [ '/home/ves/Documents/Projects/Arena',
5 verbose install   [ 'bootstrap',
5 verbose install     'cookie-parser',
5 verbose install     'debug',
5 verbose install     'express',
5 verbose install     'express-session',
5 verbose install     'hbs',
5 verbose install     'http-errors',
5 verbose install     'jquery',
5 verbose install     'mongodb',
5 verbose install     'monk',
5 verbose install     'morgan' ] ]
6 info preinstall arena@0.0.0
7 warn package.json monk-middleware-cast-ids@0.2.1 No README data
8 warn package.json monk-middleware-fields@0.2.0 No README data
9 warn package.json monk-middleware-handle-callback@0.2.2 No README data
10 warn package.json monk-middleware-options@0.2.1 No README data
11 warn package.json monk-middleware-query@0.2.0 No README data
12 warn package.json monk-middleware-wait-for-connection@0.2.0 No README data
13 verbose readDependencies using package.json deps
14 verbose already installed skipping express-session@^1.15.6 /home/ves/Documents/Projects/Arena
15 verbose cache add [ 'hbs@~4.0.1', null ]
16 verbose cache add name=undefined spec="hbs@~4.0.1" args=["hbs@~4.0.1",null]
17 verbose parsed url { protocol: null,
17 verbose parsed url   slashes: null,
17 verbose parsed url   auth: null,
17 verbose parsed url   host: null,
17 verbose parsed url   port: null,
17 verbose parsed url   hostname: null,
17 verbose parsed url   hash: null,
17 verbose parsed url   search: null,
17 verbose parsed url   query: null,
17 verbose parsed url   pathname: 'hbs@~4.0.1',
17 verbose parsed url   path: 'hbs@~4.0.1',
17 verbose parsed url   href: 'hbs@~4.0.1' }
18 verbose cache add name="hbs" spec="~4.0.1" args=["hbs","~4.0.1"]
19 verbose parsed url { protocol: null,
19 verbose parsed url   slashes: null,
19 verbose parsed url   auth: null,
19 verbose parsed url   host: null,
19 verbose parsed url   port: null,
19 verbose parsed url   hostname: null,
19 verbose parsed url   hash: null,
19 verbose parsed url   search: null,
19 verbose parsed url   query: null,
19 verbose parsed url   pathname: '~4.0.1',
19 verbose parsed url   path: '~4.0.1',
19 verbose parsed url   href: '~4.0.1' }
20 verbose addNamed [ 'hbs', '~4.0.1' ]
21 verbose addNamed [ null, '>=4.0.1-0 <4.1.0-0' ]
22 verbose cache add [ 'debug@~2.6.9', null ]
23 verbose cache add name=undefined spec="debug@~2.6.9" args=["debug@~2.6.9",null]
24 verbose parsed url { protocol: null,
24 verbose parsed url   slashes: null,
24 verbose parsed url   auth: null,
24 verbose parsed url   host: null,
24 verbose parsed url   port: null,
24 verbose parsed url   hostname: null,
24 verbose parsed url   hash: null,
24 verbose parsed url   search: null,
24 verbose parsed url   query: null,
24 verbose parsed url   pathname: 'debug@~2.6.9',
24 verbose parsed url   path: 'debug@~2.6.9',
24 verbose parsed url   href: 'debug@~2.6.9' }
25 verbose cache add name="debug" spec="~2.6.9" args=["debug","~2.6.9"]
26 verbose parsed url { protocol: null,
26 verbose parsed url   slashes: null,
26 verbose parsed url   auth: null,
26 verbose parsed url   host: null,
26 verbose parsed url   port: null,
26 verbose parsed url   hostname: null,
26 verbose parsed url   hash: null,
26 verbose parsed url   search: null,
26 verbose parsed url   query: null,
26 verbose parsed url   pathname: '~2.6.9',
26 verbose parsed url   path: '~2.6.9',
26 verbose parsed url   href: '~2.6.9' }
27 verbose addNamed [ 'debug', '~2.6.9' ]
28 verbose addNamed [ null, '>=2.6.9-0 <2.7.0-0' ]
29 verbose cache add [ 'http-errors@~1.6.2', null ]
30 verbose cache add name=undefined spec="http-errors@~1.6.2" args=["http-errors@~1.6.2",null]
31 verbose parsed url { protocol: null,
31 verbose parsed url   slashes: null,
31 verbose parsed url   auth: null,
31 verbose parsed url   host: null,
31 verbose parsed url   port: null,
31 verbose parsed url   hostname: null,
31 verbose parsed url   hash: null,
31 verbose parsed url   search: null,
31 verbose parsed url   query: null,
31 verbose parsed url   pathname: 'http-errors@~1.6.2',
31 verbose parsed url   path: 'http-errors@~1.6.2',
31 verbose parsed url   href: 'http-errors@~1.6.2' }
32 verbose cache add name="http-errors" spec="~1.6.2" args=["http-errors","~1.6.2"]
33 verbose parsed url { protocol: null,
33 verbose parsed url   slashes: null,
33 verbose parsed url   auth: null,
33 verbose parsed url   host: null,
33 verbose parsed url   port: null,
33 verbose parsed url   hostname: null,
33 verbose parsed url   hash: null,
33 verbose parsed url   search: null,
33 verbose parsed url   query: null,
33 verbose parsed url   pathname: '~1.6.2',
33 verbose parsed url   path: '~1.6.2',
33 verbose parsed url   href: '~1.6.2' }
34 verbose addNamed [ 'http-errors', '~1.6.2' ]
35 verbose addNamed [ null, '>=1.6.2-0 <1.7.0-0' ]
36 verbose cache add [ 'express@~4.16.0', null ]
37 verbose cache add name=undefined spec="express@~4.16.0" args=["express@~4.16.0",null]
38 verbose parsed url { protocol: null,
38 verbose parsed url   slashes: null,
38 verbose parsed url   auth: null,
38 verbose parsed url   host: null,
38 verbose parsed url   port: null,
38 verbose parsed url   hostname: null,
38 verbose parsed url   hash: null,
38 verbose parsed url   search: null,
38 verbose parsed url   query: null,
38 verbose parsed url   pathname: 'express@~4.16.0',
38 verbose parsed url   path: 'express@~4.16.0',
38 verbose parsed url   href: 'express@~4.16.0' }
39 verbose cache add name="express" spec="~4.16.0" args=["express","~4.16.0"]
40 verbose parsed url { protocol: null,
40 verbose parsed url   slashes: null,
40 verbose parsed url   auth: null,
40 verbose parsed url   host: null,
40 verbose parsed url   port: null,
40 verbose parsed url   hostname: null,
40 verbose parsed url   hash: null,
40 verbose parsed url   search: null,
40 verbose parsed url   query: null,
40 verbose parsed url   pathname: '~4.16.0',
40 verbose parsed url   path: '~4.16.0',
40 verbose parsed url   href: '~4.16.0' }
41 verbose addNamed [ 'express', '~4.16.0' ]
42 verbose addNamed [ null, '>=4.16.0-0 <4.17.0-0' ]
43 verbose already installed skipping jquery@^3.3.1 /home/ves/Documents/Projects/Arena
44 verbose already installed skipping mongodb@^3.0.7 /home/ves/Documents/Projects/Arena
45 verbose already installed skipping monk@^6.0.5 /home/ves/Documents/Projects/Arena
46 verbose cache add [ 'morgan@~1.9.0', null ]
47 verbose cache add name=undefined spec="morgan@~1.9.0" args=["morgan@~1.9.0",null]
48 verbose parsed url { protocol: null,
48 verbose parsed url   slashes: null,
48 verbose parsed url   auth: null,
48 verbose parsed url   host: null,
48 verbose parsed url   port: null,
48 verbose parsed url   hostname: null,
48 verbose parsed url   hash: null,
48 verbose parsed url   search: null,
48 verbose parsed url   query: null,
48 verbose parsed url   pathname: 'morgan@~1.9.0',
48 verbose parsed url   path: 'morgan@~1.9.0',
48 verbose parsed url   href: 'morgan@~1.9.0' }
49 verbose cache add name="morgan" spec="~1.9.0" args=["morgan","~1.9.0"]
50 verbose parsed url { protocol: null,
50 verbose parsed url   slashes: null,
50 verbose parsed url   auth: null,
50 verbose parsed url   host: null,
50 verbose parsed url   port: null,
50 verbose parsed url   hostname: null,
50 verbose parsed url   hash: null,
50 verbose parsed url   search: null,
50 verbose parsed url   query: null,
50 verbose parsed url   pathname: '~1.9.0',
50 verbose parsed url   path: '~1.9.0',
50 verbose parsed url   href: '~1.9.0' }
51 verbose addNamed [ 'morgan', '~1.9.0' ]
52 verbose addNamed [ null, '>=1.9.0-0 <1.10.0-0' ]
53 silly lockFile e4198c43-hbs-4-0-1 hbs@~4.0.1
54 verbose lock hbs@~4.0.1 /home/ves/.npm/e4198c43-hbs-4-0-1.lock
55 silly lockFile c6fa245b-debug-2-6-9 debug@~2.6.9
56 verbose lock debug@~2.6.9 /home/ves/.npm/c6fa245b-debug-2-6-9.lock
57 silly lockFile 1fb48996-http-errors-1-6-2 http-errors@~1.6.2
58 verbose lock http-errors@~1.6.2 /home/ves/.npm/1fb48996-http-errors-1-6-2.lock
59 silly lockFile 1aedfa54-express-4-16-0 express@~4.16.0
60 verbose lock express@~4.16.0 /home/ves/.npm/1aedfa54-express-4-16-0.lock
61 silly lockFile ec4918e5-morgan-1-9-0 morgan@~1.9.0
62 verbose lock morgan@~1.9.0 /home/ves/.npm/ec4918e5-morgan-1-9-0.lock
63 verbose already installed skipping bootstrap@^4.1.1 /home/ves/Documents/Projects/Arena
64 verbose cache add [ 'cookie-parser@~1.4.3', null ]
65 verbose cache add name=undefined spec="cookie-parser@~1.4.3" args=["cookie-parser@~1.4.3",null]
66 verbose parsed url { protocol: null,
66 verbose parsed url   slashes: null,
66 verbose parsed url   auth: null,
66 verbose parsed url   host: null,
66 verbose parsed url   port: null,
66 verbose parsed url   hostname: null,
66 verbose parsed url   hash: null,
66 verbose parsed url   search: null,
66 verbose parsed url   query: null,
66 verbose parsed url   pathname: 'cookie-parser@~1.4.3',
66 verbose parsed url   path: 'cookie-parser@~1.4.3',
66 verbose parsed url   href: 'cookie-parser@~1.4.3' }
67 verbose cache add name="cookie-parser" spec="~1.4.3" args=["cookie-parser","~1.4.3"]
68 verbose parsed url { protocol: null,
68 verbose parsed url   slashes: null,
68 verbose parsed url   auth: null,
68 verbose parsed url   host: null,
68 verbose parsed url   port: null,
68 verbose parsed url   hostname: null,
68 verbose parsed url   hash: null,
68 verbose parsed url   search: null,
68 verbose parsed url   query: null,
68 verbose parsed url   pathname: '~1.4.3',
68 verbose parsed url   path: '~1.4.3',
68 verbose parsed url   href: '~1.4.3' }
69 verbose addNamed [ 'cookie-parser', '~1.4.3' ]
70 verbose addNamed [ null, '>=1.4.3-0 <1.5.0-0' ]
71 silly lockFile 6b83b518-cookie-parser-1-4-3 cookie-parser@~1.4.3
72 verbose lock cookie-parser@~1.4.3 /home/ves/.npm/6b83b518-cookie-parser-1-4-3.lock
73 silly addNameRange { name: 'hbs', range: '>=4.0.1-0 <4.1.0-0', hasData: false }
74 silly addNameRange { name: 'debug', range: '>=2.6.9-0 <2.7.0-0', hasData: false }
75 silly addNameRange { name: 'http-errors',
75 silly addNameRange   range: '>=1.6.2-0 <1.7.0-0',
75 silly addNameRange   hasData: false }
76 silly addNameRange { name: 'express',
76 silly addNameRange   range: '>=4.16.0-0 <4.17.0-0',
76 silly addNameRange   hasData: false }
77 silly addNameRange { name: 'morgan', range: '>=1.9.0-0 <1.10.0-0', hasData: false }
78 silly addNameRange { name: 'cookie-parser',
78 silly addNameRange   range: '>=1.4.3-0 <1.5.0-0',
78 silly addNameRange   hasData: false }
79 verbose url raw hbs
80 verbose url resolving [ 'http://registry.npmjs.org/', './hbs' ]
81 verbose url resolved http://registry.npmjs.org/hbs
82 info trying registry request attempt 1 at 07:30:31
83 http GET http://registry.npmjs.org/hbs
84 verbose url raw debug
85 verbose url resolving [ 'http://registry.npmjs.org/', './debug' ]
86 verbose url resolved http://registry.npmjs.org/debug
87 info trying registry request attempt 1 at 07:30:31
88 http GET http://registry.npmjs.org/debug
89 verbose url raw http-errors
90 verbose url resolving [ 'http://registry.npmjs.org/', './http-errors' ]
91 verbose url resolved http://registry.npmjs.org/http-errors
92 info trying registry request attempt 1 at 07:30:31
93 http GET http://registry.npmjs.org/http-errors
94 verbose url raw express
95 verbose url resolving [ 'http://registry.npmjs.org/', './express' ]
96 verbose url resolved http://registry.npmjs.org/express
97 info trying registry request attempt 1 at 07:30:31
98 http GET http://registry.npmjs.org/express
99 verbose url raw morgan
100 verbose url resolving [ 'http://registry.npmjs.org/', './morgan' ]
101 verbose url resolved http://registry.npmjs.org/morgan
102 info trying registry request attempt 1 at 07:30:31
103 http GET http://registry.npmjs.org/morgan
104 verbose url raw cookie-parser
105 verbose url resolving [ 'http://registry.npmjs.org/', './cookie-parser' ]
106 verbose url resolved http://registry.npmjs.org/cookie-parser
107 info trying registry request attempt 1 at 07:30:31
108 http GET http://registry.npmjs.org/cookie-parser
109 http 200 http://registry.npmjs.org/http-errors
110 silly registry.get cb [ 200,
110 silly registry.get   { 'content-type': 'application/json; charset=UTF-8',
110 silly registry.get     server: 'UploadServer',
110 silly registry.get     'cache-control': 'max-age=300',
110 silly registry.get     'last-modified': 'Thu, 29 Mar 2018 20:29:08 GMT',
110 silly registry.get     etag: '"5abd4c94-9d63"',
110 silly registry.get     'x-npm-region': 'EU-East',
110 silly registry.get     'content-length': '40291',
110 silly registry.get     'accept-ranges': 'bytes',
110 silly registry.get     date: 'Fri, 04 May 2018 04:30:32 GMT',
110 silly registry.get     via: '1.1 varnish',
110 silly registry.get     age: '2058',
110 silly registry.get     connection: 'keep-alive',
110 silly registry.get     'x-served-by': 'cache-hhn1529-HHN',
110 silly registry.get     'x-cache': 'HIT',
110 silly registry.get     'x-cache-hits': '2',
110 silly registry.get     'x-timer': 'S1525408232.007856,VS0,VE0',
110 silly registry.get     vary: 'Accept-Encoding, Accept' } ]
111 silly addNameRange number 2 { name: 'http-errors',
111 silly addNameRange   range: '>=1.6.2-0 <1.7.0-0',
111 silly addNameRange   hasData: true }
112 silly addNameRange versions [ 'http-errors',
112 silly addNameRange   [ '0.0.1',
112 silly addNameRange     '1.0.0',
112 silly addNameRange     '1.0.1',
112 silly addNameRange     '1.1.0',
112 silly addNameRange     '1.2.0',
112 silly addNameRange     '1.2.1',
112 silly addNameRange     '1.2.2',
112 silly addNameRange     '1.2.3',
112 silly addNameRange     '1.2.4',
112 silly addNameRange     '1.2.5',
112 silly addNameRange     '1.2.6',
112 silly addNameRange     '1.2.7',
112 silly addNameRange     '1.2.8',
112 silly addNameRange     '1.3.0',
112 silly addNameRange     '1.3.1',
112 silly addNameRange     '1.4.0',
112 silly addNameRange     '1.5.0',
112 silly addNameRange     '1.5.1',
112 silly addNameRange     '1.6.0',
112 silly addNameRange     '1.6.1',
112 silly addNameRange     '1.6.2',
112 silly addNameRange     '1.6.3' ] ]
113 verbose addNamed [ 'http-errors', '1.6.3' ]
114 verbose addNamed [ '1.6.3', '1.6.3' ]
115 silly lockFile 50baa4c1-http-errors-1-6-3 http-errors@1.6.3
116 verbose lock http-errors@1.6.3 /home/ves/.npm/50baa4c1-http-errors-1-6-3.lock
117 silly lockFile 76595886-ttp-errors-http-errors-1-6-3-tgz http://registry.npmjs.org/http-errors/-/http-errors-1.6.3.tgz
118 verbose lock http://registry.npmjs.org/http-errors/-/http-errors-1.6.3.tgz /home/ves/.npm/76595886-ttp-errors-http-errors-1-6-3-tgz.lock
119 verbose addRemoteTarball [ 'http://registry.npmjs.org/http-errors/-/http-errors-1.6.3.tgz',
119 verbose addRemoteTarball   '8b55680bb4be283a0b5bf4ea2e38580be1d9320d' ]
120 silly lockFile 76595886-ttp-errors-http-errors-1-6-3-tgz http://registry.npmjs.org/http-errors/-/http-errors-1.6.3.tgz
121 silly lockFile 76595886-ttp-errors-http-errors-1-6-3-tgz http://registry.npmjs.org/http-errors/-/http-errors-1.6.3.tgz
122 silly lockFile 50baa4c1-http-errors-1-6-3 http-errors@1.6.3
123 silly lockFile 50baa4c1-http-errors-1-6-3 http-errors@1.6.3
124 http 200 http://registry.npmjs.org/morgan
125 silly registry.get cb [ 200,
125 silly registry.get   { 'content-type': 'application/json; charset=UTF-8',
125 silly registry.get     server: 'UploadServer',
125 silly registry.get     'cache-control': 'max-age=300',
125 silly registry.get     'last-modified': 'Mon, 19 Mar 2018 23:33:06 GMT',
125 silly registry.get     etag: '"5ab048b2-eab4"',
125 silly registry.get     'x-npm-region': 'EU-East',
125 silly registry.get     'content-length': '60084',
125 silly registry.get     'accept-ranges': 'bytes',
125 silly registry.get     date: 'Fri, 04 May 2018 04:30:32 GMT',
125 silly registry.get     via: '1.1 varnish',
125 silly registry.get     age: '13688',
125 silly registry.get     connection: 'keep-alive',
125 silly registry.get     'x-served-by': 'cache-hhn1521-HHN',
125 silly registry.get     'x-cache': 'HIT',
125 silly registry.get     'x-cache-hits': '2',
125 silly registry.get     'x-timer': 'S1525408232.008816,VS0,VE0',
125 silly registry.get     vary: 'Accept-Encoding, Accept' } ]
126 silly lockFile 1fb48996-http-errors-1-6-2 http-errors@~1.6.2
127 silly lockFile 1fb48996-http-errors-1-6-2 http-errors@~1.6.2
128 error Error: EACCES, mkdir '/home/ves/tmp/npm-8107-h2KLJklN'
128 error  { [Error: EACCES, mkdir '/home/ves/tmp/npm-8107-h2KLJklN']
128 error   errno: 3,
128 error   code: 'EACCES',
128 error   path: '/home/ves/tmp/npm-8107-h2KLJklN' }
129 error Please try running this command again as root/Administrator.
130 error System Linux 3.13.0-145-generic
131 error command "/usr/bin/nodejs" "/usr/bin/npm" "install"
132 error cwd /home/ves/Documents/Projects/Arena
133 error node -v v0.10.25
134 error npm -v 1.3.10
135 error path /home/ves/tmp/npm-8107-h2KLJklN
136 error code EACCES
137 error errno 3
138 error stack Error: EACCES, mkdir '/home/ves/tmp/npm-8107-h2KLJklN'
139 verbose exit [ 3, true ]
